<?xml version="1.0" encoding="UTF-8"?>
<!-- Generated by org.testng.reporters.JUnitXMLReporter -->
<testsuite hostname="DESKTOP-077G3EM" ignored="0" name="GCASH2" tests="6" failures="3" timestamp="2023-03-27T11:41:08 IST" time="13.793" errors="0">
  <testcase name="@BeforeClass before" time="2.186" classname="com.gcash.test.GCashLogin">
    <skipped/>
  </testcase> <!-- @BeforeClass before -->
  <testcase name="appLaunch" time="0.0" classname="com.gcash.test.GCashLogin">
    <skipped/>
  </testcase> <!-- appLaunch -->
  <testcase name="appLaunch" time="0.005" classname="com.gcash.test.GCashLogin">
    <failure type="java.lang.IllegalArgumentException" message="nodeName cannot be null or empty">
      <![CDATA[java.lang.IllegalArgumentException: nodeName cannot be null or empty
at com.aventstack.extentreports.ExtentTest.createNode(ExtentTest.java:166)
at com.aventstack.extentreports.ExtentTest.createNode(ExtentTest.java:274)
at com.utility.ExtentReporter.HeaderChildNode(ExtentReporter.java:268)
at com.utility.ExtentReporter.onTestSkipped(ExtentReporter.java:260)
at java.util.ArrayList.forEach(ArrayList.java:1257)
at java.util.concurrent.FutureTask.run(FutureTask.java:266)
at java.util.concurrent.ThreadPoolExecutor.runWorker(ThreadPoolExecutor.java:1149)
at java.util.concurrent.ThreadPoolExecutor$Worker.run(ThreadPoolExecutor.java:624)
at java.lang.Thread.run(Thread.java:748)
... Removed 16 stack frames]]>
    </failure>
  </testcase> <!-- appLaunch -->
  <testcase name="appLaunch1" time="0.0" classname="com.gcash.test.GCashLogin">
    <skipped/>
  </testcase> <!-- appLaunch1 -->
  <testcase name="appLaunch1" time="0.001" classname="com.gcash.test.GCashLogin">
    <failure type="java.lang.IllegalArgumentException" message="nodeName cannot be null or empty">
      <![CDATA[java.lang.IllegalArgumentException: nodeName cannot be null or empty
at com.aventstack.extentreports.ExtentTest.createNode(ExtentTest.java:166)
at com.aventstack.extentreports.ExtentTest.createNode(ExtentTest.java:274)
at com.utility.ExtentReporter.HeaderChildNode(ExtentReporter.java:268)
at com.utility.ExtentReporter.onTestSkipped(ExtentReporter.java:260)
at java.util.ArrayList.forEach(ArrayList.java:1257)
at java.util.concurrent.FutureTask.run(FutureTask.java:266)
at java.util.concurrent.ThreadPoolExecutor.runWorker(ThreadPoolExecutor.java:1149)
at java.util.concurrent.ThreadPoolExecutor$Worker.run(ThreadPoolExecutor.java:624)
at java.lang.Thread.run(Thread.java:748)
... Removed 16 stack frames]]>
    </failure>
  </testcase> <!-- appLaunch1 -->
  <testcase name="gSvaeHome" time="0.0" classname="com.gcash.test.GCashLogin">
    <skipped/>
  </testcase> <!-- gSvaeHome -->
  <testcase name="gSvaeHome" time="0.887" classname="com.gcash.test.GCashLogin">
    <failure type="java.lang.IllegalArgumentException" message="nodeName cannot be null or empty">
      <![CDATA[java.lang.IllegalArgumentException: nodeName cannot be null or empty
at com.aventstack.extentreports.ExtentTest.createNode(ExtentTest.java:166)
at com.aventstack.extentreports.ExtentTest.createNode(ExtentTest.java:274)
at com.utility.ExtentReporter.HeaderChildNode(ExtentReporter.java:268)
at com.utility.ExtentReporter.onTestSkipped(ExtentReporter.java:260)
at java.util.ArrayList.forEach(ArrayList.java:1257)
at java.util.concurrent.FutureTask.run(FutureTask.java:266)
at java.util.concurrent.ThreadPoolExecutor.runWorker(ThreadPoolExecutor.java:1149)
at java.util.concurrent.ThreadPoolExecutor$Worker.run(ThreadPoolExecutor.java:624)
at java.lang.Thread.run(Thread.java:748)
... Removed 16 stack frames]]>
    </failure>
  </testcase> <!-- gSvaeHome -->
</testsuite> <!-- GCASH2 -->
