<?xml version="1.0" encoding="UTF-8"?>
<!-- Generated by org.testng.reporters.JUnitXMLReporter -->
<testsuite hostname="DESKTOP-077G3EM" ignored="2" name="GCASH1" tests="1" failures="0" timestamp="2023-03-27T15:13:18 IST" time="56.147" errors="0">
  <testcase name="appLaunch" time="36.356" classname="com.gcash.test.GCashLogin"/>
  <testcase name="appLaunch1" time="0.0" classname="com.gcash.test.GCashLogin">
    <ignored/>
  </testcase> <!-- appLaunch1 -->
  <testcase name="gSvaeHome" time="0.0" classname="com.gcash.test.GCashLogin">
    <ignored/>
  </testcase> <!-- gSvaeHome -->
</testsuite> <!-- GCASH1 -->
