<?xml version="1.0" encoding="UTF-8"?>
<testng-results ignored="0" total="1" passed="1" failed="0" skipped="0">
  <reporter-output>
  </reporter-output>
  <suite started-at="2023-03-27T17:04:44 IST" name="iOS" finished-at="2023-03-27T17:04:59 IST" duration-ms="15121">
    <groups>
    </groups>
    <test started-at="2023-03-27T17:04:44 IST" name="GCASH" finished-at="2023-03-27T17:04:59 IST" duration-ms="15121">
      <class name="com.gcash.test.GCashLogin">
        <test-method is-config="true" signature="before(java.lang.String, java.lang.String)[pri:0, instance:com.gcash.test.GCashLogin@4275c20c]" started-at="2023-03-27T17:04:45 IST" name="before" finished-at="2023-03-27T17:04:52 IST" duration-ms="7898" status="PASS">
          <params>
            <param index="0">
              <value>
                <![CDATA[00008020-00127C6214F9002E]]>
              </value>
            </param>
            <param index="1">
              <value>
                <![CDATA[4723]]>
              </value>
            </param>
          </params>
          <reporter-output>
          </reporter-output>
        </test-method> <!-- before -->
        <test-method signature="appLaunch()[pri:0, instance:com.gcash.test.GCashLogin@4275c20c]" started-at="2023-03-27T17:04:52 IST" name="appLaunch" finished-at="2023-03-27T17:04:59 IST" duration-ms="6557" status="PASS">
          <reporter-output>
          </reporter-output>
        </test-method> <!-- appLaunch -->
      </class> <!-- com.gcash.test.GCashLogin -->
    </test> <!-- GCASH -->
  </suite> <!-- iOS -->
</testng-results>
